This is pdfTeX, Version 3.14159265-2.6-1.40.18 (TeX Live 2017/Debian) (preloaded format=pdflatex 2018.10.12)  6 MAR 2019 11:47
entering extended mode
 restricted \write18 enabled.
 file:line:error style messages enabled.
 %&-line parsing enabled.
**chapter4.tex
(./chapter4.tex
LaTeX2e <2017-04-15>
Babel <3.18> and hyphenation patterns for 7 language(s) loaded.

./chapter4.tex:2: LaTeX Error: Missing \begin{document}.

See the LaTeX manual or LaTeX Companion for explanation.
Type  H <return>  for immediate help.
 ...                                              
                                                  
l.2     O
         ptimizing compilers require sophisticated program analysis and
? 
./chapter4.tex:2: Emergency stop.
 ...                                              
                                                  
l.2     O
         ptimizing compilers require sophisticated program analysis and
You're in trouble here.  Try typing  <return>  to proceed.
If that doesn't work, type  X <return>  to quit.

 
Here is how much of TeX's memory you used:
 6 strings out of 494847
 271 string characters out of 6179079
 46252 words of memory out of 5000000
 3430 multiletter control sequences out of 15000+600000
 3640 words of font info for 14 fonts, out of 8000000 for 9000
 59 hyphenation exceptions out of 8191
 5i,0n,4p,82b,14s stack positions out of 5000i,500n,10000p,200000b,80000s
./chapter4.tex:2:  ==> Fatal error occurred, no output PDF file produced!
